"SoYeon Kim, Tue Sep 26 03:58:07 2017 +0000, Homework03"
 Homework03/21500085_homework03.cpp |  30 ++++++++++++++++++++++++++++++
 Homework03/21500085_homework03.jpg | Bin 0 -> 22551 bytes
 2 files changed, 30 insertions(+)

"SoYeon Kim, Tue Sep 26 03:55:56 2017 +0000, fix"
 Homework03 | 1 -
 1 file changed, 1 deletion(-)

"SoYeon Kim, Tue Sep 26 03:54:02 2017 +0000, Homework03"
 Homework03 | 1 +
 1 file changed, 1 insertion(+)

"SoYeon Kim, Tue Sep 26 03:51:11 2017 +0000, update"
 Homework03 | 1 -
 1 file changed, 1 deletion(-)

"SoYeon Kim, Tue Sep 26 02:45:16 2017 +0000, Homework03"
 Homework03 | 2 +-
 1 file changed, 1 insertion(+), 1 deletion(-)

"SoYeon Kim, Tue Sep 26 02:34:22 2017 +0000, Homework03"
 Homework03 | 1 +
 1 file changed, 1 insertion(+)

"SoYeon Kim, Mon Sep 18 11:30:30 2017 +0000, 21500085_homework02.cpp"
 a                                 |   0
 homework2/21500085_homework02.cpp |  30 ++++++++++++++++++++++++++++++
 homework2/21500085_homework02.jpg | Bin 0 -> 8035 bytes
 3 files changed, 30 insertions(+)

"SoYeon Kim, Sun Sep 17 13:45:36 2017 +0000, 21500085_homework01.cpp"
 homework1/215000085_homework01.jpg | Bin 0 -> 13170 bytes
 homework1/21500085_homework01.cpp  |  14 ++++++++++++++
 2 files changed, 14 insertions(+)

"GitHub, Fri Sep 8 10:20:11 2017 +0900, Update hello.cc"
 hello.cc | 7 +++++++
 1 file changed, 7 insertions(+)

"Joshua Jung, Fri Sep 8 10:16:52 2017 +0900, init"
 README.md | 1 +
 hello.cc  | 0
 2 files changed, 1 insertion(+)
