"Daehoon Kim, Mon Sep 25 11:24:46 2017 +0000, <Homework4>"
 Homework4/21200082_homework4.JPG | Bin 0 -> 20501 bytes
 Homework4/21200082_homework4.cpp |  32 ++++++++++++++++++++++++++++++++
 2 files changed, 32 insertions(+)

"Daehoon Kim, Sat Sep 23 13:51:47 2017 +0000, <Homework3>"
 Homework3/21200082_homework3.JPG                    | Bin 0 -> 20781 bytes
 Homework3/{Homework3.cpp => 21200082_homework3.cpp} |   0
 2 files changed, 0 insertions(+), 0 deletions(-)

"Daehoon Kim, Sat Sep 23 13:40:51 2017 +0000, <Homework3>"
 Homework3/Homework3.cpp | 30 ++++++++++++++++++++++++++++++
 Homework3/README.md     | 30 ++++++++++++++++++++++++++++++
 2 files changed, 60 insertions(+)

"Daehoon Kim, Mon Sep 18 11:28:46 2017 +0000, Merge branch 'master' of https://github.com/daehoonkim0807/sit22005-21200082"
"Daehoon Kim, Mon Sep 18 11:20:55 2017 +0000, Complete Homework2"
 21200082_homework01.cc           |  8 ++++----
 Homework2/21200082_Homework2.cpp | 30 ++++++++++++++++++++++++++++++
 hello.cc                         | 12 ------------
 3 files changed, 34 insertions(+), 16 deletions(-)

"GitHub, Sat Sep 16 17:04:00 2017 +0900, Add files via upload"
 21200082_homework01.JPG | Bin 0 -> 39826 bytes
 1 file changed, 0 insertions(+), 0 deletions(-)

"Daehoon Kim, Sat Sep 16 07:55:07 2017 +0000, 21200082_homewor01"
 21200082_homework01.cc | 12 ++++++++++++
 hello.cc               | 11 ++++++++---
 2 files changed, 20 insertions(+), 3 deletions(-)

"GitHub, Fri Sep 8 10:20:11 2017 +0900, Update hello.cc"
 hello.cc | 7 +++++++
 1 file changed, 7 insertions(+)

"Joshua Jung, Fri Sep 8 10:16:52 2017 +0900, init"
 README.md | 1 +
 hello.cc  | 0
 2 files changed, 1 insertion(+)
