"Kim SeoYoon, Sun Sep 24 14:24:38 2017 +0000, 21300103_homework03.png"
 homework03/21300103_homework03.png | Bin 0 -> 84676 bytes
 1 file changed, 0 insertions(+), 0 deletions(-)

"Kim SeoYoon, Sun Sep 24 14:24:20 2017 +0000, 21300103_homework03.cpp"
 homework03/21300103_homework03.cpp | 29 +++++++++++++++++++++++++++++
 1 file changed, 29 insertions(+)

"Kim SeoYoon, Fri Sep 22 12:30:00 2017 +0000, 21300103_homework02.png"
 homework02/21300103_homework02.png | Bin 0 -> 72998 bytes
 1 file changed, 0 insertions(+), 0 deletions(-)

"Kim SeoYoon, Fri Sep 22 12:26:41 2017 +0000, 21300103_homework02.cpp"
 homework02/21300103_homework02.cpp | 27 +++++++++++++++++++++++++++
 1 file changed, 27 insertions(+)

"Kim SeoYoon, Sun Sep 17 14:40:39 2017 +0000, 21300103_homework01.cpp"
 homework01/21300103_homework01.cpp |  14 ++++++++++++++
 homework01/21300103_homework01.png | Bin 0 -> 53404 bytes
 2 files changed, 14 insertions(+)

"GitHub, Fri Sep 8 10:20:11 2017 +0900, Update hello.cc"
 hello.cc | 7 +++++++
 1 file changed, 7 insertions(+)

"Joshua Jung, Fri Sep 8 10:16:52 2017 +0900, init"
 README.md | 1 +
 hello.cc  | 0
 2 files changed, 1 insertion(+)
