"GitHub, Wed Sep 27 02:11:47 2017 +0900, Add files via upload"
 homework01/21600800_homework01.JPG | Bin 0 -> 20596 bytes
 1 file changed, 0 insertions(+), 0 deletions(-)

"GitHub, Wed Sep 27 02:05:42 2017 +0900, Add files via upload"
 homework03/21600800_homework03.JPG | Bin 0 -> 25055 bytes
 1 file changed, 0 insertions(+), 0 deletions(-)

"GitHub, Wed Sep 27 02:05:05 2017 +0900, Add files via upload"
 homework02/21600800_homework02.JPG | Bin 0 -> 22164 bytes
 1 file changed, 0 insertions(+), 0 deletions(-)

"Insung Hwang, Tue Sep 26 17:02:24 2017 +0000, 2nd HW, .cc -> cpp"
 homework02/{21600800_homework02.cc => 21600800_homework02.cpp} | 0
 1 file changed, 0 insertions(+), 0 deletions(-)

"Insung Hwang, Tue Sep 26 16:55:17 2017 +0000, third HW"
 homework03/21600800_homework03.cpp | 28 ++++++++++++++++++++++++++++
 1 file changed, 28 insertions(+)

"Insung Hwang, Sat Sep 16 15:38:25 2017 +0000, second HW"
 homework02/21600800_homework02.cc | 30 ++++++++++++++++++++++++++++++
 homework02/README.md              |  1 +
 2 files changed, 31 insertions(+)

"Insung Hwang, Sat Sep 16 15:34:01 2017 +0000, first HW"
 homework01/21600800_homework01.cc | 12 ++++++++++++
 1 file changed, 12 insertions(+)

"GitHub, Fri Sep 8 10:20:11 2017 +0900, Update hello.cc"
 hello.cc | 7 +++++++
 1 file changed, 7 insertions(+)

"Joshua Jung, Fri Sep 8 10:16:52 2017 +0900, init"
 README.md | 1 +
 hello.cc  | 0
 2 files changed, 1 insertion(+)
