"Jini Kim, Mon Sep 25 09:25:17 2017 +0000, homework04"
 Homework04/21400209_homework04.cpp |   4 +++-
 Homework04/21400209_homework04.jpg | Bin 63123 -> 0 bytes
 Homework04/21400209_homework04.png | Bin 0 -> 62150 bytes
 3 files changed, 3 insertions(+), 1 deletion(-)

"Jini Kim, Mon Sep 25 09:15:01 2017 +0000, homework04"
 Homework04/21400209_homework04.cpp |  26 ++++++++++++++++++++++++++
 Homework04/21400209_homework04.jpg | Bin 0 -> 63123 bytes
 2 files changed, 26 insertions(+)

"Jini Kim, Mon Sep 25 08:21:02 2017 +0000, homework03"
 Homework03/21400209_homework03.cpp |  34 ++++++++++++++++++++++++++++++++++
 Homework03/21400209_homework03.jpg | Bin 0 -> 174967 bytes
 2 files changed, 34 insertions(+)

"Jini Kim, Mon Sep 18 13:24:41 2017 +0000, 10:24"
 21400209_Homework01.cpp            |  15 ---------------
 21400209_Homework01.jpg            | Bin 186036 -> 0 bytes
 Homework02/21400209_homework02.cpp |   6 +++---
 3 files changed, 3 insertions(+), 18 deletions(-)

"Jini Kim, Mon Sep 18 12:19:30 2017 +0000, first homework"
 Homework01/21400209_homework02-1.jpg | Bin 0 -> 52867 bytes
 1 file changed, 0 insertions(+), 0 deletions(-)

"Jini Kim, Mon Sep 18 12:14:36 2017 +0000, first homework"
 Homework01/21400209_Homework01.cpp |  15 +++++++++++++++
 Homework01/21400209_Homework01.jpg | Bin 0 -> 186036 bytes
 2 files changed, 15 insertions(+)

"Jini Kim, Sun Sep 17 14:14:44 2017 +0000, second hw"
 Homework02/21400209_homework02.cpp |  32 ++++++++++++++++++++++++++++++++
 Homework02/21400209_homework02.jpg | Bin 0 -> 55529 bytes
 2 files changed, 32 insertions(+)

"Jini Kim, Sun Sep 17 13:44:31 2017 +0000, Merge branch 'master' of https://github.com/jini0519/sit22005-21400209"
"Jini Kim, Sun Sep 17 13:42:46 2017 +0000, Homework01 commit"
 21400209_Homework01.jpg | Bin 0 -> 186036 bytes
 1 file changed, 0 insertions(+), 0 deletions(-)

"Jini Kim, Sun Sep 17 13:41:49 2017 +0000, Homework01 commit"
 21400209_Homework01.cpp | 15 +++++++++++++++
 1 file changed, 15 insertions(+)

"Jini Kim, Sun Sep 17 13:27:22 2017 +0000, 21400209 hw"
 21400209_homework01.cpp | 15 +++++++++++++++
 1 file changed, 15 insertions(+)

"GitHub, Sun Sep 17 12:26:47 2017 +0000, Delete 21400209_homework01.cpp"
 21400209_homework01.cpp | 15 ---------------
 1 file changed, 15 deletions(-)

"GitHub, Sun Sep 17 12:26:38 2017 +0000, Delete 21400209_homework01.jpg"
 21400209_homework01.jpg | Bin 205243 -> 0 bytes
 1 file changed, 0 insertions(+), 0 deletions(-)

"GitHub, Sun Sep 17 12:26:27 2017 +0000, Delete 21400209_homework1.cpp"
 21400209_homework1.cpp | 15 ---------------
 1 file changed, 15 deletions(-)

"Jini Kim, Sun Sep 17 12:16:54 2017 +0000, first hw commit"
 21400209_homework01.cpp | 15 +++++++++++++++
 1 file changed, 15 insertions(+)

"Jini Kim, Thu Sep 14 11:52:40 2017 +0000, first jpg commit"
 21400209_homework01.jpg | Bin 0 -> 205243 bytes
 1 file changed, 0 insertions(+), 0 deletions(-)

"Jini Kim, Wed Sep 13 13:43:25 2017 +0000, first commit"
 21400209_homework1.cpp | 15 +++++++++++++++
 1 file changed, 15 insertions(+)

"GitHub, Fri Sep 8 10:20:11 2017 +0900, Update hello.cc"
 hello.cc | 7 +++++++
 1 file changed, 7 insertions(+)

"Joshua Jung, Fri Sep 8 10:16:52 2017 +0900, init"
 README.md | 1 +
 hello.cc  | 0
 2 files changed, 1 insertion(+)
