"Yechan Kim, Sun Sep 24 08:29:14 2017 +0000, hw04_image"
 0919class.cpp                      |   1 -
 homework04/21200145_homework04.jpg | Bin 0 -> 321383 bytes
 2 files changed, 1 deletion(-)

"Yechan Kim, Sun Sep 24 08:23:28 2017 +0000, hw04"
 homework04/21200145_homework04.cpp | 26 ++++++++++++++++++++++++++
 1 file changed, 26 insertions(+)

"Yechan Kim, Wed Sep 20 16:42:34 2017 +0000, HW3"
 homework03/21200145_homework03.jpg | Bin 0 -> 140154 bytes
 1 file changed, 0 insertions(+), 0 deletions(-)

"Yechan Kim, Wed Sep 20 16:38:39 2017 +0000, homework03"
 homework03/21200145_homework03.cpp | 18 +++++++++++-------
 1 file changed, 11 insertions(+), 7 deletions(-)

"Yechan Kim, Wed Sep 20 11:47:26 2017 +0000, hw03"
 homework03/21200145_homework03.cpp | 28 ++++++++++++++++++++++++++++
 1 file changed, 28 insertions(+)

"Yechan Kim, Tue Sep 19 04:09:53 2017 +0000, re hw01"
 21200145_homework01.cpp |  13 +++++++++++++
 21200145_homework01.jpg | Bin 0 -> 37440 bytes
 2 files changed, 13 insertions(+)

"Yechan Kim, Tue Sep 19 04:06:02 2017 +0000, hw01"
 homework01 | 1 +
 1 file changed, 1 insertion(+)

"Yechan Kim, Tue Sep 19 04:00:54 2017 +0000, hw02"
 homework01 | 1 -
 1 file changed, 1 deletion(-)

"Yechan Kim, Tue Sep 19 03:58:11 2017 +0000, hw01&02"
 homework01 | 2 +-
 1 file changed, 1 insertion(+), 1 deletion(-)

"Yechan Kim, Tue Sep 19 03:55:21 2017 +0000, hw01&02"
 0919class.cpp | 1 +
 1 file changed, 1 insertion(+)

"Yechan Kim, Mon Sep 18 14:14:31 2017 +0000, hw02"
 homework02/21200145_homework02.cpp |  29 +++++++++++++++++++++++++++++
 homework02/21200145_homework02.jpg | Bin 0 -> 141291 bytes
 2 files changed, 29 insertions(+)

"Yechan Kim, Mon Sep 18 10:59:00 2017 +0000, hw01"
 homework01 | 1 +
 1 file changed, 1 insertion(+)

"GitHub, Fri Sep 8 10:20:11 2017 +0900, Update hello.cc"
 hello.cc | 7 +++++++
 1 file changed, 7 insertions(+)

"Joshua Jung, Fri Sep 8 10:16:52 2017 +0900, init"
 README.md | 1 +
 hello.cc  | 0
 2 files changed, 1 insertion(+)
