"eunbin, Tue Sep 26 16:47:57 2017 +0000, hw3"
 Homework03/21600350_homework03.GIF   | Bin 0 -> 39444 bytes
 Homework03/X_21600350_homework03.cpp |   0
 2 files changed, 0 insertions(+), 0 deletions(-)

"eunbin, Tue Sep 26 16:42:32 2017 +0000, hw03"
 Homework03/21600350_homework03.cpp | 30 ++++++++++++++++++++++++++++++
 1 file changed, 30 insertions(+)

"eunbin, Sun Sep 24 12:29:40 2017 +0000, hw3"
 Homework03/X_21600350_homework03.cpp | 0
 1 file changed, 0 insertions(+), 0 deletions(-)

"eunbin, Sun Sep 24 12:20:03 2017 +0000, hw3"
 Homework03/21600350_homework03.cpp | 0
 1 file changed, 0 insertions(+), 0 deletions(-)

"eunbin, Mon Sep 18 11:53:26 2017 +0000, picture"
 Homework02/21600350_homework02.PNG | Bin 0 -> 9829 bytes
 1 file changed, 0 insertions(+), 0 deletions(-)

"eunbin, Mon Sep 18 11:47:47 2017 +0000, second hw"
 Homework02/{Homework02.cpp => 21600350_homework02.cpp} | 0
 1 file changed, 0 insertions(+), 0 deletions(-)

"eunbin, Mon Sep 18 11:12:35 2017 +0000, resubmit"
 Homework02/Homework02.cpp | 30 ++++++++++++++++++++++++++++++
 1 file changed, 30 insertions(+)

"eunbin, Mon Sep 18 11:01:57 2017 +0000, resubmit"
 Homework02/Homework02.cpp | 0
 1 file changed, 0 insertions(+), 0 deletions(-)

"eunbin, Mon Sep 18 10:59:57 2017 +0000, removal"
 Homework02 | 1 -
 1 file changed, 1 deletion(-)

"eunbin, Mon Sep 18 10:42:24 2017 +0000, Second Homework"
 Homework02 | 1 +
 1 file changed, 1 insertion(+)

"eunbin, Thu Sep 14 07:29:34 2017 +0000, picture"
 21600350_homework01.PNG | Bin 0 -> 72767 bytes
 1 file changed, 0 insertions(+), 0 deletions(-)

"eunbin, Thu Sep 14 07:24:25 2017 +0000, first homework"
 21600350_homework01.cpp | 15 +++++++++++++++
 1 file changed, 15 insertions(+)

"GitHub, Fri Sep 8 10:20:11 2017 +0900, Update hello.cc"
 hello.cc | 7 +++++++
 1 file changed, 7 insertions(+)

"Joshua Jung, Fri Sep 8 10:16:52 2017 +0900, init"
 README.md | 1 +
 hello.cc  | 0
 2 files changed, 1 insertion(+)
