"JiHyun Lee, Sun Sep 24 10:14:11 2017 +0000, upload"
 Homework04/21600555_homework04.PNG | Bin 0 -> 8509 bytes
 Homework04/21600555_homework04.cpp |  31 +++++++++++++++++++++++++++++++
 2 files changed, 31 insertions(+)

"JiHyun Lee, Sun Sep 24 09:54:50 2017 +0000, upload"
 Homework03/21600555_homework03.PNG | Bin 0 -> 14329 bytes
 Homework03/21600555_homework03.cpp |  29 +++++++++++++++++++++++++++++
 2 files changed, 29 insertions(+)

"JiHyun Lee, Mon Sep 18 11:37:11 2017 +0000, homework01"
 .../21600555_homework01.cpp                                 |   0
 homework01.PNG => Homework01/homework01.PNG                 | Bin
 2 files changed, 0 insertions(+), 0 deletions(-)

"JiHyun Lee, Mon Sep 18 11:33:22 2017 +0000, homework02"
 Homework02/homework02.PNG | Bin 0 -> 9754 bytes
 1 file changed, 0 insertions(+), 0 deletions(-)

"JiHyun Lee, Mon Sep 18 11:30:58 2017 +0000, homework02"
 Homework02/21600555_homework02.cpp | 29 +++++++++++++++++++++++++++++
 1 file changed, 29 insertions(+)

"JiHyun Lee, Mon Sep 18 11:05:53 2017 +0000, homework01"
 homework01.PNG | Bin 0 -> 31283 bytes
 1 file changed, 0 insertions(+), 0 deletions(-)

"JiHyun Lee, Mon Sep 18 11:02:59 2017 +0000, homework01"
 21600555_homework01.cpp | 13 +++++++++++++
 1 file changed, 13 insertions(+)

"JiHyun Lee, Mon Sep 18 10:47:56 2017 +0000, homework1 q"
 21600555_homework01.cpp | 0
 1 file changed, 0 insertions(+), 0 deletions(-)

"GitHub, Fri Sep 8 10:20:11 2017 +0900, Update hello.cc"
 hello.cc | 7 +++++++
 1 file changed, 7 insertions(+)

"Joshua Jung, Fri Sep 8 10:16:52 2017 +0900, init"
 README.md | 1 +
 hello.cc  | 0
 2 files changed, 1 insertion(+)
