"HaYeong Kim, Mon Sep 25 06:39:11 2017 +0000, Homework04"
 Homework04/21500191_homework04.cpp |  28 ++++++++++++++++++++++++++++
 Homework04/21500191_homework04.png | Bin 0 -> 373563 bytes
 2 files changed, 28 insertions(+)

"HaYeong Kim, Mon Sep 25 06:33:34 2017 +0000, Homework03"
 Homework03/21500191_homework03.png | Bin 396344 -> 393535 bytes
 1 file changed, 0 insertions(+), 0 deletions(-)

"HaYeong Kim, Mon Sep 25 06:20:28 2017 +0000, Homework03"
 Homework03/21500191_homework03.cpp |  31 +++++++++++++++++++++++++++++++
 Homework03/21500191_homework03.png | Bin 0 -> 396344 bytes
 2 files changed, 31 insertions(+)

"HaYeong Kim, Sun Sep 17 07:46:01 2017 +0000, homework02"
 Homework02/21500191_homework02.cpp |  30 ++++++++++++++++++++++++++++++
 Homework02/21500191_homework02.jpg | Bin 0 -> 384570 bytes
 2 files changed, 30 insertions(+)

"HaYeong Kim, Sat Sep 16 12:21:00 2017 +0000, homework01"
 21500191_homework01.cpp |  13 +++++++++++++
 21500191_homework01.jpg | Bin 0 -> 42152 bytes
 2 files changed, 13 insertions(+)

"GitHub, Fri Sep 8 10:20:11 2017 +0900, Update hello.cc"
 hello.cc | 7 +++++++
 1 file changed, 7 insertions(+)

"Joshua Jung, Fri Sep 8 10:16:52 2017 +0900, init"
 README.md | 1 +
 hello.cc  | 0
 2 files changed, 1 insertion(+)
