"Jihye Han, Wed Sep 27 02:31:22 2017 +0000, Homework04"
 Homework04/21300820_homework04.PNG | Bin 0 -> 11225 bytes
 1 file changed, 0 insertions(+), 0 deletions(-)

"Jihye Han, Wed Sep 27 02:26:33 2017 +0000, Homework04"
 Homework04/21300820_homework04.cpp | 2 +-
 1 file changed, 1 insertion(+), 1 deletion(-)

"Jihye Han, Wed Sep 27 02:23:41 2017 +0000, Homework04"
 Homework04/21300820_homework04.cpp | 28 ++++++++++++++++++++++++++++
 1 file changed, 28 insertions(+)

"Jihye Han, Wed Sep 27 02:19:45 2017 +0000, Homework04"
 Homework04/21300820_homework04.cpp | 0
 1 file changed, 0 insertions(+), 0 deletions(-)

"Jihye Han, Wed Sep 20 11:17:37 2017 +0000, Homework03"
 Homework03/21300820_homework03.PNG | Bin 0 -> 14384 bytes
 1 file changed, 0 insertions(+), 0 deletions(-)

"Jihye Han, Wed Sep 20 11:15:44 2017 +0000, Homework03"
 Homework03/21300820_homework03.cpp | 4 ++--
 1 file changed, 2 insertions(+), 2 deletions(-)

"Jihye Han, Wed Sep 20 11:12:21 2017 +0000, Homework03"
 Homework03/21300820_homework03.cpp | 2 +-
 1 file changed, 1 insertion(+), 1 deletion(-)

"Jihye Han, Wed Sep 20 11:08:49 2017 +0000, Homework03"
 Homework03/21300820_homework03.cpp | 29 +++++++++++++++++++++++++++++
 1 file changed, 29 insertions(+)

"Jihye Han, Wed Sep 20 11:05:26 2017 +0000, Homework03"
 Homework03/21300820_homework03.cpp | 0
 1 file changed, 0 insertions(+), 0 deletions(-)

"Jihye Han, Tue Sep 19 04:12:31 2017 +0000, Homework02"
 Homework02/21300820_homework02.PNG | Bin 0 -> 10959 bytes
 1 file changed, 0 insertions(+), 0 deletions(-)

"Jihye Han, Tue Sep 19 04:09:13 2017 +0000, Homework02"
 Homework02/21300820_homework02.cpp | 28 ++++++++++++++++++++++++++++
 1 file changed, 28 insertions(+)

"Jihye Han, Tue Sep 19 03:13:12 2017 +0000, Homework02"
 Homework02/21300820_homework02.cpp | 0
 1 file changed, 0 insertions(+), 0 deletions(-)

"Jihye Han, Mon Sep 18 12:50:38 2017 +0000, Homework01"
 Homework01/21300820_homework01.PNG | Bin 0 -> 10231 bytes
 1 file changed, 0 insertions(+), 0 deletions(-)

"Jihye Han, Mon Sep 18 11:36:58 2017 +0000, Homework01"
 Homework01/21300820_homework01.cpp | 14 ++++++++++++++
 1 file changed, 14 insertions(+)

"Jihye Han, Mon Sep 18 11:34:19 2017 +0000, Homework01"
 Homework01/21300820_homework01.cpp | 0
 1 file changed, 0 insertions(+), 0 deletions(-)

"GitHub, Fri Sep 8 10:20:11 2017 +0900, Update hello.cc"
 hello.cc | 7 +++++++
 1 file changed, 7 insertions(+)

"Joshua Jung, Fri Sep 8 10:16:52 2017 +0900, init"
 README.md | 1 +
 hello.cc  | 0
 2 files changed, 1 insertion(+)
