"eunseo kim, Sun Sep 24 15:21:06 2017 +0000, 21500128_homework04"
 21500128_homework04/21500128_homework04.png | Bin 0 -> 314842 bytes
 1 file changed, 0 insertions(+), 0 deletions(-)

"eunseo kim, Sun Sep 24 15:13:53 2017 +0000, 21500128_homework04"
 21500128_homework04/21500128_homework04.cpp | 16 ++++++++--------
 1 file changed, 8 insertions(+), 8 deletions(-)

"eunseo kim, Sun Sep 24 15:04:19 2017 +0000, 2150128_homework04"
 21500128_homework04/21500128_homework04.cpp | 29 +++++++++++++++++++++++++++++
 1 file changed, 29 insertions(+)

"eunseo kim, Wed Sep 20 16:34:29 2017 +0000, 21500128_homework03"
 21500128_homework03/21500128_homework03.cpp |  30 ++++++++++++++++++++++++++++
 21500128_homework03/21500128_homework03.png | Bin 0 -> 126834 bytes
 2 files changed, 30 insertions(+)

"eunseo kim, Wed Sep 20 15:49:58 2017 +0000, 21500128_homework03"
 21500128_homework03/21500128_homework03.cpp | 0
 1 file changed, 0 insertions(+), 0 deletions(-)

"eunseo kim, Mon Sep 18 11:22:50 2017 +0000, 21500128_homework02"
 21500128_homework02/21500128_homework02.cpp |  30 ++++++++++++++++++++++++++++
 21500128_homework02/21500128_homework02.png | Bin 0 -> 88099 bytes
 2 files changed, 30 insertions(+)

"eunseo kim, Mon Sep 18 11:02:13 2017 +0000, 21500128_homework02"
 21500128_homework02/21500128_homework02.cpp | 0
 1 file changed, 0 insertions(+), 0 deletions(-)

"eunseo kim, Mon Sep 18 10:50:45 2017 +0000, 21500128_homework01"
 21500128_homework01/21500128_homework01.cpp |   8 ++++----
 21500128_homework01/21500128_homework01.png | Bin 123064 -> 111222 bytes
 2 files changed, 4 insertions(+), 4 deletions(-)

"eunseo kim, Mon Sep 18 10:40:12 2017 +0000, 21500182_homework01"
 21500128_homework01.cpp                     |   0
 21500128_homework01/21500128_homework01.cpp |  13 +++++++++++++
 21500128_homework01/21500128_homework01.png | Bin 0 -> 123064 bytes
 3 files changed, 13 insertions(+)

"eunseo kim, Mon Sep 18 10:27:59 2017 +0000, 21500128_homework01"
 21500128_homework01.cpp | 0
 1 file changed, 0 insertions(+), 0 deletions(-)

"GitHub, Fri Sep 8 10:20:11 2017 +0900, Update hello.cc"
 hello.cc | 7 +++++++
 1 file changed, 7 insertions(+)

"Joshua Jung, Fri Sep 8 10:16:52 2017 +0900, init"
 README.md | 1 +
 hello.cc  | 0
 2 files changed, 1 insertion(+)
