"Woojin jeon, Sun Sep 24 12:38:25 2017 +0000, homework04"
 Homework04/21500868_homework04.PNG | Bin 0 -> 10179 bytes
 Homework04/21500868_homework04.cpp |  28 ++++++++++++++++++++++++++++
 2 files changed, 28 insertions(+)

"Woojin jeon, Sat Sep 23 06:43:54 2017 +0000, homework3"
 Homework03/21500868_homework03.PNG | Bin 0 -> 21770 bytes
 Homework03/21500868_homework03.cpp |  31 +++++++++++++++++++++++++++++++
 2 files changed, 31 insertions(+)

"Woojin jeon, Sun Sep 17 08:12:57 2017 +0000, homework02"
 Homework02/21500868_homework02.JPG | Bin 0 -> 22169 bytes
 Homework02/21500868_homework02.cpp |  31 +++++++++++++++++++++++++++++++
 2 files changed, 31 insertions(+)

"Woojin jeon, Sat Sep 16 14:32:52 2017 +0000, homework1"
 21500868_homework01.jpg | Bin 15294 -> 14625 bytes
 1 file changed, 0 insertions(+), 0 deletions(-)

"Woojin jeon, Sat Sep 16 14:24:24 2017 +0000, 21500868_homework01.cpp"
 21500868_homework01.cpp |  15 +++++++++++++++
 21500868_homework01.jpg | Bin 0 -> 15294 bytes
 2 files changed, 15 insertions(+)

"GitHub, Fri Sep 8 10:20:11 2017 +0900, Update hello.cc"
 hello.cc | 7 +++++++
 1 file changed, 7 insertions(+)

"Joshua Jung, Fri Sep 8 10:16:52 2017 +0900, init"
 README.md | 1 +
 hello.cc  | 0
 2 files changed, 1 insertion(+)
