"GitHub, Tue Sep 26 14:39:44 2017 +0900, Add files via upload"
 homework03/21500675_homework03.jpg | Bin 0 -> 53123 bytes
 1 file changed, 0 insertions(+), 0 deletions(-)

"GitHub, Tue Sep 26 14:39:29 2017 +0900, Delete 21500675_homework03_PIC.jpg"
 homework03/21500675_homework03_PIC.jpg | Bin 53123 -> 0 bytes
 1 file changed, 0 insertions(+), 0 deletions(-)

"GitHub, Tue Sep 26 14:38:34 2017 +0900, Add files via upload"
 homework03/21500675_homework03_PIC.jpg | Bin 0 -> 53123 bytes
 1 file changed, 0 insertions(+), 0 deletions(-)

"정필원, Tue Sep 26 05:33:36 2017 +0000, hw3 inter"
 homework03/21500675_homework03.cpp | 33 +++++++++++++++++++++++++++++++++
 1 file changed, 33 insertions(+)

"정필원, Mon Sep 18 10:33:23 2017 +0000, final"
 homework02/21500675_homework02.cpp |  30 ++++++++++++++++++++++++++++++
 homework02/21500675_homework02.jpg | Bin 0 -> 37373 bytes
 2 files changed, 30 insertions(+)

"정필원, Mon Sep 18 10:09:58 2017 +0000, hw2 first"
 homework02/21500675_homework02.cpp | 0
 1 file changed, 0 insertions(+), 0 deletions(-)

"정필원, Mon Sep 18 10:04:32 2017 +0000, final"
 homework01/hw1_capture.jpg | Bin 0 -> 51119 bytes
 1 file changed, 0 insertions(+), 0 deletions(-)

"정필원, Mon Sep 18 09:51:42 2017 +0000, first step"
 homework01/21500675_homework01 | 11 -----------
 1 file changed, 11 deletions(-)

"정필원, Mon Sep 18 07:55:37 2017 +0000, homework 1"
 homework01/21500675_homework01     | 11 +++++++++++
 homework01/21500675_homework01.cpp | 29 +++++++++++++++++++++++++++++
 2 files changed, 40 insertions(+)

"GitHub, Fri Sep 8 10:20:11 2017 +0900, Update hello.cc"
 hello.cc | 7 +++++++
 1 file changed, 7 insertions(+)

"Joshua Jung, Fri Sep 8 10:16:52 2017 +0900, init"
 README.md | 1 +
 hello.cc  | 0
 2 files changed, 1 insertion(+)
