"Yeongho, Mon Sep 25 16:08:26 2017 +0000, homework03"
 Homework03/21300880_homework03.png | Bin 0 -> 12961 bytes
 1 file changed, 0 insertions(+), 0 deletions(-)

"Yeongho, Mon Sep 25 16:05:36 2017 +0000, homework03"
 Homework03/21300880_homework03.cpp | 32 ++++++++++++++++++++++++++++++++
 1 file changed, 32 insertions(+)

"Yeongho, Mon Sep 18 15:00:24 2017 +0000, capture"
"Yeongho, Mon Sep 18 14:59:18 2017 +0000, capture"
 Homework02/21300880_homework02.jpg | Bin 6267 -> 10235 bytes
 1 file changed, 0 insertions(+), 0 deletions(-)

"GitHub, Mon Sep 18 23:57:15 2017 +0900, Delete 21300880_homework02.jpg"
 Homework02/21300880_homework02.jpg | Bin 6267 -> 0 bytes
 1 file changed, 0 insertions(+), 0 deletions(-)

"Yeongho, Mon Sep 18 10:59:25 2017 +0000, homework02"
 Homework02/21300880_homework02.cpp |  29 +++++++++++++++++++++++++++++
 Homework02/21300880_homework02.jpg | Bin 0 -> 6267 bytes
 2 files changed, 29 insertions(+)

"Yeongho, Mon Sep 18 04:34:20 2017 +0000, homework01"
 2130080_homework1.PNG                                   | Bin 39439 -> 0 bytes
 21300880_homework01.png                                 | Bin 0 -> 5081 bytes
 ...55\214\214\354\235\274 \354\272\241\354\262\230.PNG" | Bin 10119 -> 0 bytes
 ...55\231\224\353\251\264 \354\272\241\354\262\230.PNG" | Bin 39439 -> 0 bytes
 4 files changed, 0 insertions(+), 0 deletions(-)

"Yeongho, Mon Sep 18 04:23:52 2017 +0000, Merge branch 'master' of https://github.com/hsdw3199/sit22005-21300880"
"Yeongho, Mon Sep 18 04:11:00 2017 +0000, homework1"
 2130080_homework1.PNG | Bin 0 -> 39439 bytes
 1 file changed, 0 insertions(+), 0 deletions(-)

"GitHub, Sun Sep 17 19:37:38 2017 +0900, 21300880_homework01.cpp, 21300880_homework01.jpg"
 ...55\214\214\354\235\274 \354\272\241\354\262\230.PNG" | Bin 0 -> 10119 bytes
 ...55\231\224\353\251\264 \354\272\241\354\262\230.PNG" | Bin 0 -> 39439 bytes
 2 files changed, 0 insertions(+), 0 deletions(-)

"Yeongho, Sun Sep 17 10:29:07 2017 +0000, homework1"
 21300880_homework1.cpp | 13 +++++++++++++
 1 file changed, 13 insertions(+)

"GitHub, Sun Sep 17 18:57:54 2017 +0900, Delete my homework"
 my homework | 13 -------------
 1 file changed, 13 deletions(-)

"GitHub, Sat Sep 16 21:10:42 2017 +0900, 21300880_homework1"
 21300880_homework1 => my homework | 0
 1 file changed, 0 insertions(+), 0 deletions(-)

"GitHub, Sat Sep 16 20:58:44 2017 +0900, 21300880_homework1"
 21300880_homework1 | 13 +++++++++++++
 1 file changed, 13 insertions(+)

"GitHub, Fri Sep 8 10:20:11 2017 +0900, Update hello.cc"
 hello.cc | 7 +++++++
 1 file changed, 7 insertions(+)

"Joshua Jung, Fri Sep 8 10:16:52 2017 +0900, init"
 README.md | 1 +
 hello.cc  | 0
 2 files changed, 1 insertion(+)
