"Jihyun Shin, Sat Sep 23 18:45:35 2017 +0000, 21500376_homework04.png"
 Homework04/21500376_homework04.png | Bin 0 -> 53311 bytes
 1 file changed, 0 insertions(+), 0 deletions(-)

"Jihyun Shin, Sat Sep 23 18:42:44 2017 +0000, 21500376_homework04.cpp"
 Homework04/21500376_homework04.cpp | 29 +++++++++++++++++++++++++++++
 1 file changed, 29 insertions(+)

"Jihyun Shin, Thu Sep 21 17:02:50 2017 +0000, 21500376_homework03.png"
 Homework03/21500376_homework03.png | Bin 0 -> 102088 bytes
 1 file changed, 0 insertions(+), 0 deletions(-)

"Jihyun Shin, Thu Sep 21 17:00:00 2017 +0000, 21500376_homework03.cpp"
 Homework03/21500376_homework03.cpp | 32 ++++++++++++++++++++++++++++++++
 1 file changed, 32 insertions(+)

"Jihyun Shin, Sat Sep 16 14:47:06 2017 +0000, 21500376_homework02.png"
 Homework02/21500376_homework02.png | Bin 0 -> 75608 bytes
 1 file changed, 0 insertions(+), 0 deletions(-)

"Jihyun Shin, Sat Sep 16 14:42:40 2017 +0000, 21500376_homework02.cpp"
 Homework02/21500376_homework02.cpp | 29 +++++++++++++++++++++++++++++
 1 file changed, 29 insertions(+)

"Jihyun Shin, Wed Sep 13 16:11:07 2017 +0000, 21500376_homework01.jpg"
 21500376_homework01.cpp |   2 +-
 21500376_homework01.jpg | Bin 83520 -> 64579 bytes
 2 files changed, 1 insertion(+), 1 deletion(-)

"Jihyun Shin, Wed Sep 13 15:27:21 2017 +0000, 21500376_homework01.jpg"
 21500376_homework01.jpg | Bin 0 -> 83520 bytes
 1 file changed, 0 insertions(+), 0 deletions(-)

"Jihyun Shin, Wed Sep 13 15:14:45 2017 +0000, 21500376_homework01.cpp"
 21500376_homework01.cpp | 13 +++++++++++++
 hello.cc                |  7 -------
 2 files changed, 13 insertions(+), 7 deletions(-)

"GitHub, Fri Sep 8 10:20:11 2017 +0900, Update hello.cc"
 hello.cc | 7 +++++++
 1 file changed, 7 insertions(+)

"Joshua Jung, Fri Sep 8 10:16:52 2017 +0900, init"
 README.md | 1 +
 hello.cc  | 0
 2 files changed, 1 insertion(+)
