"CHOI yong gyu, Fri Sep 22 02:00:25 2017 +0000, homework03"
 Homework03/21500739_homework03.JPG | Bin 0 -> 23039 bytes
 Homework03/21500739_homework03.cpp |  35 +++++++++++++++++++++++++++++++++++
 2 files changed, 35 insertions(+)

"CHOI yong gyu, Tue Sep 19 11:37:24 2017 +0000, homework02"
 Homework02/21500739_homework02.JPG | Bin 0 -> 22022 bytes
 Homework02/21500739_homework02.cpp |  38 +++++++++++++++++++++++++++++++++++++
 2 files changed, 38 insertions(+)

"CHOI yong gyu, Sat Sep 16 03:49:53 2017 +0000, hw01"
 21500739_homework01.JPG | Bin 23028 -> 24336 bytes
 1 file changed, 0 insertions(+), 0 deletions(-)

"CHOI yong gyu, Sat Sep 16 03:48:50 2017 +0000, hw01"
 21500739_homework01.cpp | 14 ++++++++++++++
 1 file changed, 14 insertions(+)

"CHOI yong gyu, Sat Sep 16 03:38:58 2017 +0000, Merge branch 'master' of https://github.com/evansbill/sit22005-21500739"
"GitHub, Sat Sep 16 12:27:51 2017 +0900, Delete 21500739_homework01.cpp"
 21500739_homework01.cpp | 14 --------------
 1 file changed, 14 deletions(-)

"CHOI yong gyu, Sat Sep 16 03:26:22 2017 +0000, homework01"
 21500739_homework01.JPG | Bin 0 -> 23028 bytes
 21500739_homework01.png | Bin 338904 -> 0 bytes
 2 files changed, 0 insertions(+), 0 deletions(-)

"GitHub, Sat Sep 16 12:24:00 2017 +0900, Delete 21500739_homework01.png"
 21500739_homework01.png | Bin 338904 -> 0 bytes
 1 file changed, 0 insertions(+), 0 deletions(-)

"CHOI yong gyu, Sat Sep 16 03:22:26 2017 +0000, homework1"
 21500739_homework01.cpp |  14 ++++++++++++++
 21500739_homework01.png | Bin 0 -> 338904 bytes
 2 files changed, 14 insertions(+)

"GitHub, Fri Sep 8 10:20:11 2017 +0900, Update hello.cc"
 hello.cc | 7 +++++++
 1 file changed, 7 insertions(+)

"Joshua Jung, Fri Sep 8 10:16:52 2017 +0900, init"
 README.md | 1 +
 hello.cc  | 0
 2 files changed, 1 insertion(+)
