"Park JooMyoung, Mon Sep 25 09:48:41 2017 +0000, homework04 finishgit add ."
 Homework04/21600290_homework04.JPG | Bin 0 -> 20344 bytes
 Homework04/21600290_homework04.cpp |  32 ++++++++++++++++++++++++++++++++
 2 files changed, 32 insertions(+)

"Park JooMyoung, Mon Sep 25 09:18:37 2017 +0000, homework03 finish"
 Homework03/21600290_homework03.JPG | Bin 0 -> 24410 bytes
 Homework03/21600290_homework03.cpp |  35 +++++++++++++++++++++++++++++++++++
 2 files changed, 35 insertions(+)

"Park JooMyoung, Tue Sep 19 12:02:59 2017 +0000, homework2 complete!"
 Homework02/21600290_homework02.JPG | Bin 0 -> 22043 bytes
 Homework02/21600290_homework02.cpp |  29 +++++++++++++++++++++++++++++
 2 files changed, 29 insertions(+)

"Park JooMyoung, Tue Sep 19 07:58:02 2017 +0000, homework02 main"
 Homework02/21600290_homework02.cpp | 0
 1 file changed, 0 insertions(+), 0 deletions(-)

"Park JooMyoung, Mon Sep 18 14:29:56 2017 +0000, homework"
 21600290_homework01.JPG | Bin 0 -> 55834 bytes
 21600290_homework01.cpp |  14 ++++++++++++++
 2 files changed, 14 insertions(+)

"GitHub, Fri Sep 8 10:20:11 2017 +0900, Update hello.cc"
 hello.cc | 7 +++++++
 1 file changed, 7 insertions(+)

"Joshua Jung, Fri Sep 8 10:16:52 2017 +0900, init"
 README.md | 1 +
 hello.cc  | 0
 2 files changed, 1 insertion(+)
