"Pyungkang Kim, Sat Sep 23 18:59:48 2017 +0000, 21500186_homework04.jpg"
 Homework04/2150186_homework04.jpg | Bin 0 -> 10182 bytes
 1 file changed, 0 insertions(+), 0 deletions(-)

"Pyungkang Kim, Sat Sep 23 18:57:15 2017 +0000, 21500186_homework04.jpg"
 Homework04/21500186_homework04.cpp | 32 ++++++++++++++++++++++++++++++++
 1 file changed, 32 insertions(+)

"Pyungkang Kim, Sat Sep 23 05:25:18 2017 +0000, 21500186_homework03.jpg"
 Homework03/21500186_homework03.jpg | Bin 0 -> 13813 bytes
 1 file changed, 0 insertions(+), 0 deletions(-)

"Pyungkang Kim, Sat Sep 23 05:22:40 2017 +0000, 21500186_homework03.cpp"
 Homework03/21500186_homework03.cpp | 33 +++++++++++++++++++++++++++++++++
 1 file changed, 33 insertions(+)

"Pyungkang Kim, Mon Sep 18 10:53:05 2017 +0000, 21500186_homework01.PNG"
 .../21500186_homework01.cpp                                 |   0
 .../21500186_homework01.jpg                                 | Bin
 2 files changed, 0 insertions(+), 0 deletions(-)

"Pyungkang Kim, Mon Sep 18 10:51:36 2017 +0000, 21500186_homework02.PNG"
 .../21500186_homework02.PNG                                 | Bin
 .../21500186_homework02.cpp                                 |   0
 2 files changed, 0 insertions(+), 0 deletions(-)

"Pyungkang Kim, Sun Sep 17 09:00:25 2017 +0000, 21500186_homework01.jpg"
 21500186_homework01.jpg | Bin 0 -> 8471 bytes
 1 file changed, 0 insertions(+), 0 deletions(-)

"Pyungkang Kim, Sun Sep 17 08:59:34 2017 +0000, 21500186_homework01.jpg"
 21500186_homework01.jpg | Bin 9372 -> 0 bytes
 1 file changed, 0 insertions(+), 0 deletions(-)

"Pyungkang Kim, Sun Sep 17 05:47:55 2017 +0000, 21500186_homework02.PNG"
 21500186_homework02.PNG | Bin 0 -> 12248 bytes
 1 file changed, 0 insertions(+), 0 deletions(-)

"Pyungkang Kim, Sun Sep 17 05:43:13 2017 +0000, 21500186_homework01.jpg"
 21500186_homework01.jpg | Bin 0 -> 9372 bytes
 1 file changed, 0 insertions(+), 0 deletions(-)

"Pyungkang Kim, Sun Sep 17 05:41:05 2017 +0000, 21500186_homework01.cpp"
 21500186_homework01.jpg | Bin 10034 -> 0 bytes
 1 file changed, 0 insertions(+), 0 deletions(-)

"Pyungkang Kim, Sun Sep 17 05:38:37 2017 +0000, 21500186_homework01.cpp"
 21500186_homework01.cpp |  14 ++++++++++++++
 21500186_homework01.jpg | Bin 0 -> 10034 bytes
 2 files changed, 14 insertions(+)

"Pyungkang Kim, Sun Sep 17 05:32:44 2017 +0000, 21500186_homework02.cpp"
 21500186_homework01.cpp |  14 --------------
 21500186_homework01.jpg | Bin 10034 -> 0 bytes
 2 files changed, 14 deletions(-)

"Pyungkang Kim, Sun Sep 17 05:23:55 2017 +0000, Merge branch 'master' of https://github.com/pyungkangKim/sit22005-21500186"
"Pyungkang Kim, Sun Sep 17 04:51:35 2017 +0000, 21500186_homework02.cpp"
 21500186_homework02.cpp | 2 +-
 1 file changed, 1 insertion(+), 1 deletion(-)

"Pyungkang Kim, Sun Sep 17 04:40:23 2017 +0000, 21500186_homework02.cpp"
 21500186_homework02.cpp | 32 ++++++++++++++++++++++++++++++++
 1 file changed, 32 insertions(+)

"Pyungkang Kim, Wed Sep 13 16:04:21 2017 +0000, 21500186_homework01.jpg"
 21500186_homework1.jpg => 21500186_homework01.jpg | Bin
 1 file changed, 0 insertions(+), 0 deletions(-)

"Pyungkang Kim, Wed Sep 13 15:54:00 2017 +0000, Merge branch 'master' of https://github.com/pyungkangKim/sit22005-21500186"
"Pyungkang Kim, Wed Sep 13 15:42:24 2017 +0000, 21500186_homework1.jpg"
 21500186_homework01.jpg => 21500186_homework1.jpg | Bin
 1 file changed, 0 insertions(+), 0 deletions(-)

"Pyungkang Kim, Wed Sep 13 15:37:02 2017 +0000, 21500186_homework01.jpg"
 21500186_homework01.jpg | Bin 5649 -> 10034 bytes
 1 file changed, 0 insertions(+), 0 deletions(-)

"GitHub, Thu Sep 14 00:36:34 2017 +0900, Delete 21500186_homework01.jpg"
 21500186_homework01.jpg | Bin 5649 -> 0 bytes
 1 file changed, 0 insertions(+), 0 deletions(-)

"Pyungkang Kim, Wed Sep 13 15:22:19 2017 +0000, 21500186_homework01.jpg"
 21500186_homework01.jpg | Bin 0 -> 5649 bytes
 1 file changed, 0 insertions(+), 0 deletions(-)

"Pyungkang Kim, Wed Sep 13 15:09:43 2017 +0000, 21500186_homework01.cpp"
 21500186_homework01.cpp | 14 ++++++++++++++
 1 file changed, 14 insertions(+)

"GitHub, Fri Sep 8 10:20:11 2017 +0900, Update hello.cc"
 hello.cc | 7 +++++++
 1 file changed, 7 insertions(+)

"Joshua Jung, Fri Sep 8 10:16:52 2017 +0900, init"
 README.md | 1 +
 hello.cc  | 0
 2 files changed, 1 insertion(+)
