"Donghyun Kim, Tue Sep 26 06:22:05 2017 +0000, <homework03(include png file)>"
 Homework03/21600059_homework03.cpp |  30 ++++++++++++++++++++++++++++++
 Homework03/homework03.PNG          | Bin 0 -> 12791 bytes
 2 files changed, 30 insertions(+)

"Donghyun Kim, Tue Sep 26 06:20:50 2017 +0000, <homework04+capture file>"
 Homework04/homework04.PNG | Bin 0 -> 10904 bytes
 1 file changed, 0 insertions(+), 0 deletions(-)

"Donghyun Kim, Tue Sep 26 06:18:51 2017 +0000, <homework04>"
 Homework04/21600059_homework04.cpp | 28 ++++++++++++++++++++++++++++
 1 file changed, 28 insertions(+)

"Donghyun Kim, Mon Sep 18 15:23:05 2017 +0000, <homework02>"
 Homework02/21600059_homework02.cpp |  28 ++++++++++++++++++++++++++++
 Homework02/homework02.PNG          | Bin 0 -> 36946 bytes
 2 files changed, 28 insertions(+)

"Donghyun Kim, Fri Sep 15 05:08:40 2017 +0000, <added title>"
 21600059_homework01.cpp | 4 ++--
 1 file changed, 2 insertions(+), 2 deletions(-)

"Donghyun Kim, Fri Sep 15 05:03:42 2017 +0000, <test>"
 21600059_homework01.PNG | Bin 0 -> 16720 bytes
 21600059_homework01.cpp |  14 ++++++++++++++
 2 files changed, 14 insertions(+)

"GitHub, Fri Sep 8 10:20:11 2017 +0900, Update hello.cc"
 hello.cc | 7 +++++++
 1 file changed, 7 insertions(+)

"Joshua Jung, Fri Sep 8 10:16:52 2017 +0900, init"
 README.md | 1 +
 hello.cc  | 0
 2 files changed, 1 insertion(+)
