"Jiwon Jung, Mon Sep 25 15:10:25 2017 +0000, 21200700_homework04.cpp"
 Homework04/21200700_homework04.cpp |   6 ++++--
 Homework04/21200700_homework04.jpg | Bin 0 -> 56587 bytes
 2 files changed, 4 insertions(+), 2 deletions(-)

"Jiwon Jung, Mon Sep 25 15:01:26 2017 +0000, 21200700_homework04.cpp"
 Homework04/21200700_homework04.cpp | 29 +++++++++++++++++++++++++++++
 1 file changed, 29 insertions(+)

"Jiwon Jung, Mon Sep 25 14:41:24 2017 +0000, 21200700_homework03.cpp"
 Homework03/21200700_homework03.cpp |  30 ++++++++++++++++++++++++++++++
 Homework03/21200700_homework03.jpg | Bin 0 -> 38920 bytes
 2 files changed, 30 insertions(+)

"Jiwon Jung, Sat Sep 23 10:41:56 2017 +0000, 21200700_homework03.cpp"
 .../21200700_homework01.cpp                                 |   0
 .../21200700_homework01.jpg                                 | Bin
 Homework03/21200700_homework03.cpp                          |   0
 3 files changed, 0 insertions(+), 0 deletions(-)

"Jiwon Jung, Thu Sep 21 11:15:11 2017 +0000, 21200700_homework.cpp"
 Homework02/21200700_homework02.jpg | Bin 64433 -> 64560 bytes
 1 file changed, 0 insertions(+), 0 deletions(-)

"Jiwon Jung, Thu Sep 21 10:38:02 2017 +0000, 21200700_homework2.cpp"
 Homework02/21200700_homework02.jpg | Bin 0 -> 64433 bytes
 1 file changed, 0 insertions(+), 0 deletions(-)

"Jiwon Jung, Sun Sep 17 15:16:52 2017 +0000, 21200700_homework02.cpp"
 Homework02/21200700_homework02.cpp | 29 +++++++++++++++++++++++++++++
 1 file changed, 29 insertions(+)

"Jiwon Jung, Sat Sep 16 10:31:45 2017 +0000, 21200700_homework01.cpp"
 21200700_homework01.cpp |  13 +++++++++++++
 21200700_homework01.jpg | Bin 0 -> 61273 bytes
 2 files changed, 13 insertions(+)

"GitHub, Fri Sep 8 10:20:11 2017 +0900, Update hello.cc"
 hello.cc | 7 +++++++
 1 file changed, 7 insertions(+)

"Joshua Jung, Fri Sep 8 10:16:52 2017 +0900, init"
 README.md | 1 +
 hello.cc  | 0
 2 files changed, 1 insertion(+)
