"TAEWOON KIM, Tue Sep 26 15:42:43 2017 +0000, hw4"
 Homework04/21300207_homework04.JPG | Bin 0 -> 17617 bytes
 1 file changed, 0 insertions(+), 0 deletions(-)

"TAEWOON KIM, Tue Sep 26 15:40:22 2017 +0000, hw4"
 Homework04/21300207_homework04.cpp | 28 ++++++++++++++++++++++++++++
 1 file changed, 28 insertions(+)

"TAEWOON KIM, Tue Sep 26 15:24:31 2017 +0000, hw3"
 Homework3/21300207_homework03.JPG | Bin 0 -> 23037 bytes
 Homework3/21300207_homework03.cpp |   2 +-
 2 files changed, 1 insertion(+), 1 deletion(-)

"TAEWOON KIM, Tue Sep 26 02:29:34 2017 +0000, hw3"
 Homework3/21300207_homework03.cpp | 32 ++++++++++++++++++++++++++++++++
 1 file changed, 32 insertions(+)

"TAEWOON KIM, Mon Sep 18 08:44:10 2017 +0000, hw2"
 Homework02/21300207_homework02.JPG | Bin 0 -> 16696 bytes
 Homework02/21300207_homework02.cpp |  30 ++++++++++++++++++++++++++++++
 2 files changed, 30 insertions(+)

"TAEWOON KIM, Mon Sep 18 07:40:57 2017 +0000, hw1"
 21300207_homework01.JPG | Bin 0 -> 23402 bytes
 21300207_homework01.cpp |  14 ++++++++++++++
 2 files changed, 14 insertions(+)

"GitHub, Fri Sep 8 10:20:11 2017 +0900, Update hello.cc"
 hello.cc | 7 +++++++
 1 file changed, 7 insertions(+)

"Joshua Jung, Fri Sep 8 10:16:52 2017 +0900, init"
 README.md | 1 +
 hello.cc  | 0
 2 files changed, 1 insertion(+)
