"Junyoung Oh, Sun Sep 24 13:20:42 2017 +0000, Homework04"
 Homework04/21300455_homework04.cpp |  28 ++++++++++++++++++++++++++++
 Homework04/21300455_homework04.jpg | Bin 0 -> 47438 bytes
 2 files changed, 28 insertions(+)

"Junyoung Oh, Fri Sep 22 11:29:56 2017 +0000, Homework03"
 Homework2/21300455_homework2.png  | Bin 46278 -> 38331 bytes
 Homework3/21300455_homework03.cpp |  30 ++++++++++++++++++++++++++++++
 Homework3/21300455_homework03.jpg | Bin 0 -> 58724 bytes
 3 files changed, 30 insertions(+)

"Junyoung Oh, Sun Sep 17 06:47:39 2017 +0000, 21300455_homework2.cpp"
 Homework2/21300455_homework2.cpp |  28 ++++++++++++++++++++++++++++
 Homework2/21300455_homework2.png | Bin 0 -> 46278 bytes
 2 files changed, 28 insertions(+)

"Junyoung Oh, Fri Sep 15 15:22:13 2017 +0000, my-homework"
 result.jpg | Bin 0 -> 30002 bytes
 1 file changed, 0 insertions(+), 0 deletions(-)

"Junyoung Oh, Fri Sep 15 15:20:30 2017 +0000, homework1.cc"
 homework1.cc | 12 ++++++++++++
 1 file changed, 12 insertions(+)

"Junyoung Oh, Fri Sep 15 15:16:01 2017 +0000, homework1.cc"
 README.md    |  1 -
 homework1.cc | 12 ------------
 2 files changed, 13 deletions(-)

"Junyoung Oh, Fri Sep 15 14:42:50 2017 +0000, homework1.cpp"
 homework1.cc | 11 ++++++++---
 1 file changed, 8 insertions(+), 3 deletions(-)

"Junyoung Oh, Fri Sep 15 14:33:57 2017 +0000, homework1.cpp"
 hello.cc => homework1.cc | 0
 1 file changed, 0 insertions(+), 0 deletions(-)

"GitHub, Fri Sep 8 10:20:11 2017 +0900, Update hello.cc"
 hello.cc | 7 +++++++
 1 file changed, 7 insertions(+)

"Joshua Jung, Fri Sep 8 10:16:52 2017 +0900, init"
 README.md | 1 +
 hello.cc  | 0
 2 files changed, 1 insertion(+)
