"YOUNGJIN LEE, Sun Sep 24 05:49:53 2017 +0000, 21300551_homework03.cpp"
 homework04/21300551_homework04.cpp |  31 +++++++++++++++++++++++++++++++
 homework04/21300551_homework04.jpg | Bin 0 -> 27267 bytes
 2 files changed, 31 insertions(+)

"YOUNGJIN LEE, Sun Sep 24 05:43:25 2017 +0000, 21300551_homework03.cpp"
 homework03/21300551_homework03.cpp |  36 ++++++++++++++++++++++++++++++++++++
 homework03/21300551_homework03.jpg | Bin 0 -> 33380 bytes
 2 files changed, 36 insertions(+)

"YOUNGJIN LEE, Sun Sep 17 14:18:02 2017 +0000, Merge branch 'master' of https://github.com/kaizokuorigami/sit22005-21300551"
"YOUNGJIN LEE, Sun Sep 17 14:16:28 2017 +0000, 21300551_homework01.cpp"
 homework01/21300551_homework01.jpg | Bin 0 -> 25614 bytes
 1 file changed, 0 insertions(+), 0 deletions(-)

"YOUNGJIN LEE, Sun Sep 17 14:09:24 2017 +0000, 21300551_homework01.cpp"
 homework01/{21300551_homework01.cc => 21300551_homework01.cpp} | 4 +---
 1 file changed, 1 insertion(+), 3 deletions(-)

"YOUNGJIN LEE, Sun Sep 17 14:06:49 2017 +0000, 21300551_homework01.cc"
 homework01/21300551_homework01.cc | 14 ++++++++++++++
 1 file changed, 14 insertions(+)

"GitHub, Sun Sep 17 17:08:51 2017 +0900, Add files via upload"
 homework02/21300551_homework02.jpg | Bin 0 -> 38270 bytes
 1 file changed, 0 insertions(+), 0 deletions(-)

"YOUNGJIN LEE, Sun Sep 17 08:07:19 2017 +0000,  21300551_homework02.cpp"
 homework02/21300551_homework02.cpp | 31 +++++++++++++++++++++++++++++++
 1 file changed, 31 insertions(+)

"YOUNGJIN LEE, Thu Sep 14 11:19:26 2017 +0000, 21300551_homework01.cpp"
 homework1.cc => 21300551_homework01.cc | 0
 1 file changed, 0 insertions(+), 0 deletions(-)

"YOUNGJIN LEE, Thu Sep 14 11:05:32 2017 +0000, homework1"
 homework1.cc | 14 ++++++++++++++
 1 file changed, 14 insertions(+)

"GitHub, Fri Sep 8 10:20:11 2017 +0900, Update hello.cc"
 hello.cc | 7 +++++++
 1 file changed, 7 insertions(+)

"Joshua Jung, Fri Sep 8 10:16:52 2017 +0900, init"
 README.md | 1 +
 hello.cc  | 0
 2 files changed, 1 insertion(+)
