"Goeun Park, Mon Sep 18 11:10:26 2017 +0000, 21500250_homework02.jpg"
 Homework02/21500250_homework02.jpg | Bin 0 -> 61875 bytes
 1 file changed, 0 insertions(+), 0 deletions(-)

"Goeun Park, Mon Sep 18 10:49:20 2017 +0000, Merge branch 'master' of https://github.com/gggoeun/sit22005-21500250"
"Goeun Park, Mon Sep 18 10:44:27 2017 +0000, 21500250_homework01.jpg"
 Homework02/21500250_homework02.cpp | 10 ++++------
 1 file changed, 4 insertions(+), 6 deletions(-)

"Goeun Park, Mon Sep 18 09:46:49 2017 +0000, 21500250_homework02.jpg"
 Homework02/21500250_homework02.cpp | 34 ++++++++++++++++++++++++++++++++++
 1 file changed, 34 insertions(+)

"Goeun Park, Fri Sep 15 12:36:22 2017 +0000, 21500250_homework01.jpg"
 2150001_homework01.cpp  |  13 -------------
 21500250_homework01.jpg | Bin 0 -> 138547 bytes
 2 files changed, 13 deletions(-)

"GitHub, Fri Sep 15 21:31:33 2017 +0900, Delete 2150001_homework01.cpp"
 2150001_homework01.cpp | 13 -------------
 1 file changed, 13 deletions(-)

"GitHub, Fri Sep 15 21:31:14 2017 +0900, Delete homework01"
 homework01 | 13 -------------
 1 file changed, 13 deletions(-)

"Goeun Park, Fri Sep 15 12:28:48 2017 +0000, 21500250_homework01"
 2150001_homework01.cpp   | 13 +++++++++++++
 215000250_homework01.cpp | 13 +++++++++++++
 homework01               | 13 +++++++++++++
 3 files changed, 39 insertions(+)

"GitHub, Fri Sep 8 10:20:11 2017 +0900, Update hello.cc"
 hello.cc | 7 +++++++
 1 file changed, 7 insertions(+)

"Joshua Jung, Fri Sep 8 10:16:52 2017 +0900, init"
 README.md | 1 +
 hello.cc  | 0
 2 files changed, 1 insertion(+)
