"Hwahyun Yoo, Tue Sep 26 11:52:32 2017 +0000, ."
 Homework04/21500441_homework04.jpg | Bin 0 -> 27149 bytes
 1 file changed, 0 insertions(+), 0 deletions(-)

"Hwahyun Yoo, Tue Sep 26 11:51:16 2017 +0000, Homework04"
 Homework04/21500441_homework04.cpp | 29 +++++++++++++++++++++++++++++
 1 file changed, 29 insertions(+)

"Hwahyun Yoo, Sat Sep 23 04:21:18 2017 +0000, Homework03"
 Homework03/21500441_homework03.jpg | Bin 0 -> 32331 bytes
 1 file changed, 0 insertions(+), 0 deletions(-)

"Hwahyun Yoo, Sat Sep 23 04:16:55 2017 +0000, Homework03"
 Homework03/21500441_Homework03.cpp | 32 ++++++++++++++++++++++++++++++++
 1 file changed, 32 insertions(+)

"Hwahyun Yoo, Mon Sep 18 14:06:27 2017 +0000, homework02"
 Homework02/21500441_homework02.cpp |  29 +++++++++++++++++++++++++++++
 Homework02/21500441_homework02.png | Bin 0 -> 164362 bytes
 2 files changed, 29 insertions(+)

"Hwahyun Yoo, Thu Sep 14 14:19:40 2017 +0000, homework01picture"
 21500441_homework01.jpg | Bin 0 -> 169757 bytes
 1 file changed, 0 insertions(+), 0 deletions(-)

"Hwahyun Yoo, Thu Sep 14 14:16:45 2017 +0000, homework01"
 21500441_homework01.jpg | 0
 1 file changed, 0 insertions(+), 0 deletions(-)

"Hwahyun Yoo, Thu Sep 14 13:59:20 2017 +0000, homework01"
 21500441_homework01 => 21500441_homework01.cpp | 0
 1 file changed, 0 insertions(+), 0 deletions(-)

"Hwahyun Yoo, Thu Sep 14 13:48:36 2017 +0000, homework01"
 21500441_homework01 | 14 ++++++++++++++
 1 file changed, 14 insertions(+)

"GitHub, Fri Sep 8 10:20:11 2017 +0900, Update hello.cc"
 hello.cc | 7 +++++++
 1 file changed, 7 insertions(+)

"Joshua Jung, Fri Sep 8 10:16:52 2017 +0900, init"
 README.md | 1 +
 hello.cc  | 0
 2 files changed, 1 insertion(+)
