"HinJ, Mon Sep 25 13:54:20 2017 +0000, Homework04_com"
 .../21600695_homework01.cpp                        |   0
 .../21600695_homework01.jpg                        | Bin
 Homework04/21600695_homework04.cpp                 |  28 +++++++++++++++++++++
 Homework04/21600695_homework04.jpg                 | Bin 0 -> 114284 bytes
 4 files changed, 28 insertions(+)

"HinJ, Wed Sep 20 16:39:16 2017 +0000, hw3"
 Homework03/21600695_homework03.cpp |  31 +++++++++++++++++++++++++++++++
 Homework03/21600695_homework03.jpg | Bin 0 -> 125399 bytes
 2 files changed, 31 insertions(+)

"HinJ, Sun Sep 17 04:57:11 2017 +0000, all_all_complete"
 Homework02/21600695_homework02.jpg | Bin 98013 -> 126136 bytes
 1 file changed, 0 insertions(+), 0 deletions(-)

"HinJ, Sun Sep 17 04:55:15 2017 +0000, all_complete"
 Homework02/21600695_homework02.jpg | Bin 0 -> 98013 bytes
 1 file changed, 0 insertions(+), 0 deletions(-)

"HinJ, Sun Sep 17 04:51:18 2017 +0000, first_complete"
 Homework02/21600695_homework02.cpp | 10 ++++++++++
 1 file changed, 10 insertions(+)

"HinJ, Sun Sep 17 04:49:45 2017 +0000, after_main"
 Homework02/21600695_homework02.cpp | 22 ++++++++++++++++++++++
 1 file changed, 22 insertions(+)

"HinJ, Sun Sep 17 04:45:33 2017 +0000, before_main"
 Homework02/21600695_homework02.cpp | 0
 1 file changed, 0 insertions(+), 0 deletions(-)

"HinJ, Thu Sep 14 16:02:29 2017 +0000, complete"
 21600695_homework01.cpp |  13 +++++++++++++
 21600695_homework01.jpg | Bin 0 -> 90594 bytes
 2 files changed, 13 insertions(+)

"HinJ, Thu Sep 14 15:40:57 2017 +0000, basics"
 21600695_homework01.cpp | 0
 1 file changed, 0 insertions(+), 0 deletions(-)

"GitHub, Fri Sep 8 10:20:11 2017 +0900, Update hello.cc"
 hello.cc | 7 +++++++
 1 file changed, 7 insertions(+)

"Joshua Jung, Fri Sep 8 10:16:52 2017 +0900, init"
 README.md | 1 +
 hello.cc  | 0
 2 files changed, 1 insertion(+)
