"JongWook Park, Sun Sep 24 03:19:56 2017 +0000, homework04"
 Homework04/21500292_homework04.JPG | Bin 0 -> 21601 bytes
 Homework04/21500292_homework04.cpp |  29 +++++++++++++++++++++++++++++
 Homework04/Untitled                |   0
 3 files changed, 29 insertions(+)

"JongWook Park, Wed Sep 20 14:12:08 2017 +0000, homework03"
 Homework03/21500292_homework03.JPG | Bin 0 -> 34023 bytes
 Homework03/21500292_homework03.cpp |  28 ++++++++++++++++++++++++++++
 2 files changed, 28 insertions(+)

"JongWook Park, Wed Sep 20 14:03:27 2017 +0000, homework02"
 Homework03/21500292_homework03.cpp | 3 +++
 1 file changed, 3 insertions(+)

"JongWook Park, Sat Sep 16 14:29:37 2017 +0000, 21500292_Homework02"
 Homework02/21500292_homework02.cpp    |  29 +++++++++++++++++++++++++++++
 Homework02/2150292_homework02.jpg.JPG | Bin 0 -> 20878 bytes
 2 files changed, 29 insertions(+)

"JongWook Park, Thu Sep 14 07:04:10 2017 +0000, 21500292_homework01.cpp"
 21500292_homework01.cpp     |  13 +++++++++++++
 21500292_homework01.jpg.JPG | Bin 0 -> 89255 bytes
 hello.cc                    |   7 -------
 3 files changed, 13 insertions(+), 7 deletions(-)

"GitHub, Fri Sep 8 10:20:11 2017 +0900, Update hello.cc"
 hello.cc | 7 +++++++
 1 file changed, 7 insertions(+)

"Joshua Jung, Fri Sep 8 10:16:52 2017 +0900, init"
 README.md | 1 +
 hello.cc  | 0
 2 files changed, 1 insertion(+)
